
sin(1) [0, 57, 3, 2, 1, 6, 1, 12, 3, 3, 1, 4, 12, 39, 2, 1, 41, 8, 2, 11, 1, 10, 3, 1, 2, 3, 3, 1, 2, 1, 3, 2, 1, 1, 25, 1, 1, 2, 2, 17, 1, 4, 1, 9, 11, 1, 46, 11, 1, 11, 1, 4, 1, 6, 1, 3, 175, 3, 5, 1, 4, 6, 1, 39, 1, 3, 7, 2, 1, 1, 8, 10, 6, 1, 1, 1, 1, 2, 1, 5, 1, 3, 4, 1, 1, 13, 2, 2, 5, 1, 1, 20, 1, 5, 9, 4, 1, 1, 1, 17]  100
 0.0174524064372835128194189785163161924722527203071396426836124276405973842039280700420019267910213469144884268

sin(1) iteration

sin(1) [0, 57, 3, 2, 1, 6, 1, 12, 3, 3, 1, 4, 12, 39, 2, 1, 41, 8, 2, 11, 1, 10, 3, 1, 2, 3, 3, 1, 2, 1, 3, 2, 1, 1, 25, 1, 1, 2, 2, 17, 1, 4, 1, 9, 11, 1, 46, 11, 1, 11, 1, 4, 1, 6, 1, 3, 175, 3, 5, 1, 4, 6, 1, 39, 1, 3, 7, 2, 1, 1, 8, 10, 6, 1, 1, 1, 1, 2, 1, 5, 1, 3, 4, 1, 1, 13, 2, 2, 5, 1, 1, 21]  92
 0.0174524064372835128194189785163161924722527203071396426836124276405973842039280700420019267910213469

i to the power i

exp(-pi/2) [0, 4, 1, 4, 3, 1, 1, 1, 1, 1, 1, 1, 1, 7, 1, 20, 1, 3, 6, 10, 3, 2, 1, 1, 7, 2, 2, 1, 1, 1, 2, 7, 1, 23, 28, 2, 1, 2, 3, 138, 1, 4, 2, 3, 1, 1, 50, 1, 2, 1, 1, 6, 1, 24, 1, 2, 2, 1, 1, 1, 1, 1, 4, 6, 11, 1, 16, 3, 3, 1, 1, 1, 2, 8, 3, 47, 2, 1, 2, 2, 1, 38, 1, 5, 1, 147, 1, 5, 1, 6, 1, 1, 3, 1, 5, 1, 1, 5, 1, 3]  100
 0.207879576350761908546955619834978770033877841631769608075135883055419877285482139788600277865426

solve w*exp(w) = 1

omega [0, 1, 1, 3, 4, 2, 10, 4, 1, 1, 1, 1, 2, 7, 306, 1, 5, 1, 2, 1, 5, 1, 1, 1, 1, 7, 1, 4, 2, 15, 1, 2, 1, 1, 4, 1, 3, 3, 5, 4, 1, 1, 1, 4, 3, 1, 38, 1, 2, 4, 1, 5, 2, 1, 6, 2, 1, 1, 1, 1, 1, 1, 1, 1, 3, 4, 5, 3, 2, 11, 1, 1, 1, 49, 4, 1, 1, 1, 1, 1, 1, 3, 1, 1, 1, 1, 1, 4, 1, 3, 2, 4, 1, 3, 2, 1, 10, 2, 1, 8]  100
 0.56714329040978387299996866221035554975381578718651250813513107922304579308668456669

Euler's constant

-psi(1) [0, 1, 1, 2, 1, 2, 1, 4, 3, 13, 5, 1, 1, 8, 1, 2, 4, 1, 1, 40, 1, 11, 3, 7, 1, 7, 1, 1, 5, 1, 49, 4, 1, 65, 1, 4, 7, 11, 1, 399, 2, 1, 3, 2, 1, 2, 1, 5, 3, 2, 1, 10, 1, 1, 1, 1, 2, 1, 1, 3, 1, 4, 1, 1, 2, 5, 1, 3, 6, 2, 1, 2, 1, 1, 1, 2, 1, 3, 16, 8, 1, 1, 2, 16, 6, 1, 2, 2, 1, 7, 2, 1, 1, 1, 3, 1, 2, 1, 2, 13]  100
 0.57721566490153286060651209008240243104215933593992359880576723488486772677766467093694706329

ln(2) [0, 1, 2, 3, 1, 6, 3, 1, 1, 2, 1, 1, 1, 1, 3, 10, 1, 1, 1, 2, 1, 1, 1, 1, 3, 2, 3, 1, 13, 7, 4, 1, 1, 1, 7, 2, 4, 1, 1, 2, 5, 14, 1, 10, 1, 4, 2, 18, 3, 1, 4, 1, 6, 2, 7, 3, 3, 1, 13, 3, 1, 4, 4, 1, 3, 1, 1, 1, 1, 2, 17, 3, 1, 2, 32, 1, 1, 1, 1, 3, 1, 4, 5, 1, 1, 4, 1, 3, 9, 8, 1, 1, 7, 1, 1, 1, 1, 1, 2]  99
 0.69314718055994530941723212145817656807550013436025525412068000949339362196969471560

Gauss's constant

1/agm(1,sqrt(2)) [0, 1, 5, 21, 3, 4, 14, 1, 1, 1, 1, 1, 3, 1, 15, 1, 3, 8, 36, 1, 2, 5, 2, 1, 1, 2, 2, 6, 9, 1, 1, 1, 3, 1, 2, 6, 1, 5, 1, 1, 2, 1, 13, 2, 2, 5, 1, 2, 2, 1, 5, 1, 3, 1, 3, 1, 2, 2, 2, 2, 8, 3, 1, 2, 2, 1, 10, 2, 2, 2, 3, 3, 1, 7, 1, 8, 3, 1, 1, 1, 1, 1, 1, 1, 1, 5, 2, 1, 2]  89
 0.834626841674073186281429732799046808993993013490347002449827370103681992709

Catalan's constant

beta(2) [0, 1, 10, 1, 8, 1, 88, 4, 1, 1, 7, 22, 1, 2, 3, 26, 1, 11, 1, 10, 1, 9, 3, 1, 1, 1, 1, 1, 1, 2, 2, 1, 11, 1, 1, 1, 6, 1, 12, 1, 4, 7, 1, 1, 2, 5, 1, 5, 9, 1, 1, 1, 1, 33, 4, 1, 1, 3, 5, 3, 2, 1, 2, 1, 2, 1, 7, 6, 3, 1, 3, 3, 1, 1, 2, 1, 14, 1, 4, 4, 1, 2, 4, 1, 17, 4, 1, 14, 1, 1, 1, 12, 1, 1, 1, 3, 1, 2, 4]  99
 0.915965594177219015054603514932384110774149374281672134266498119621763019776254769479356512

Apéry's constant

zeta(3) [1, 4, 1, 18, 1, 1, 1, 4, 1, 9, 9, 2, 1, 1, 1, 2, 7, 1, 1, 7, 11, 1, 1, 1, 3, 1, 6, 1, 30, 1, 4, 1, 1, 4, 1, 3, 1, 2, 7, 1, 3, 1, 2, 2, 1, 16, 1, 1, 3, 3, 1, 2, 2, 1, 6, 1, 1, 1, 6, 1, 1, 4, 428, 5, 1, 1, 3, 1, 1, 11, 2, 4, 4, 5, 4, 1, 5, 14, 1, 3, 1, 2, 19, 1, 2, 5, 1, 7, 1, 1, 1, 1, 1, 57, 3, 2, 14, 2, 8]  99
 1.20205690315959428539973816151144999076498629234049888179227155534183820578631309018645587360

Gauss and the agM

sqrt(2pi) [2, 1, 1, 37, 4, 1, 1, 1, 1, 9, 1, 1, 2, 8, 6, 1, 2, 2, 1, 3, 1, 4, 1, 1, 32, 1, 1, 5, 1, 1, 55, 6, 1, 1, 3, 1, 3, 3, 1, 3, 1, 1, 3, 4, 2, 1, 5, 1, 1, 2, 1, 95, 3, 1, 8, 1, 1, 1, 3, 22, 1, 1, 2, 1, 1, 7, 4, 5, 1, 1, 1, 204, 6, 2, 16, 1, 4, 1, 21, 1, 1, 1, 93, 1, 1, 71, 1, 2, 1, 1, 1, 1, 1, 1, 25, 1, 2, 5, 2]  99
 2.5066282746310005024157652848110452530069867406099383166299235763422936546078419749465958383780
agm(1,sqrt(2)) [1, 5, 21, 3, 4, 14, 1, 1, 1, 1, 1, 3, 1, 15, 1, 3, 8, 36, 1, 2, 5, 2, 1, 1, 2, 2, 6, 9, 1, 1, 1, 3, 1, 2, 6, 1, 5, 1, 1, 2, 1, 13, 2, 2, 5, 1, 2, 2, 1, 5, 1, 3, 1, 3, 1, 2, 2, 2, 2, 8, 3, 1, 2, 2, 1, 10, 2, 2, 2, 3, 3, 1, 7, 1, 8, 3, 1, 1, 1, 1, 1, 1, 1, 1, 5, 2, 1, 2]  88
 1.1981402347355922074399224922803238782272126632156515582636749529464052141439
lemniscate constant [2, 1, 1, 1, 1, 1, 4, 1, 2, 5, 1, 1, 1, 14, 9, 2, 6, 2, 9, 4, 1, 10, 2, 4, 1, 8, 2, 1, 5, 3, 11, 3, 17, 2, 338, 2, 3, 1, 1, 6, 3, 1, 2, 1, 1, 1, 2, 1, 2, 3, 9, 1, 1, 1, 2, 21, 1, 1, 2, 5, 3, 1, 1, 3, 1, 1, 10, 1, 1, 1, 40, 1, 2, 7, 1, 1, 2, 2, 2, 1, 1, 2]  82
 2.622057554292119810464839589891119413682754951431623162816821703800790587070
gamma(1/4) [3, 1, 1, 1, 2, 25, 4, 9, 1, 1, 8, 4, 1, 6, 1, 1, 19, 1, 1, 4, 1, 1, 5, 5, 7, 4, 1, 7, 1, 4, 2, 1, 4, 7, 1, 6, 4, 1, 4, 14, 1, 2, 24, 3, 25, 8, 3, 1, 1, 1, 1, 4, 1, 1, 28, 1, 1, 1, 12, 1, 1, 23, 1, 2, 2, 1, 3, 1, 1, 1, 6, 1, 5, 16, 8, 6]  76
 3.625609908221908311930685155867672002995167682880065467433377999569919243538

timer: 0.0336951s
