
appxtest

x^3 - 2 = 0 [1, 3, 1, 5, 1, 1, 4, 1, 1, 8, 1, 14, 1, 10, 2, 1, 4, 12, 2, 3, 2, 1, 3, 4, 1, 1, 2, 14, 3, 12, 1, 15, 3, 1, 4, 534, 1, 1, 5, 1, 1, 121, 1, 2, 2, 4, 10, 3, 2, 2, 41, 1, 1, 1, 3, 7, 2, 2, 9, 4, 1, 3, 7, 6, 1, 1, 2, 2, 9, 3, 1, 1, 69, 4, 4, 5, 12, 1, 1, 5, 15, 1, 4, 1, 1, 1, 1, 1, 89, 1, 22, 186, 6, 2, 3, 1, 3, 2, 2]  99
 1.259921049894873164767210607278228350570251464701507980081975112155299676513959483729396562436255094154310256036
ex 4.5.3.15 [-2, 2, 3, 7, 1, 1, 1, 12, 2]  9
-1.56885954928295, -6892/ 4393

centimeters per inch [2, 1, 1, 5, 1, 3]  6
 2.54,  127/ 50

[1]  0  70  0  29 /  0  12  0  5  
  5  5 ->out
[1]  0  12  0  5 /  0  10  0  4  
  1  1 ->out
[1]  0  10  0  4 /  0  2  0  1  
  5  4 <-x  0
[1]  0  4  0  10 /  0  1  0  2  
  4  5 <-x  Inf
[1]  0  4  0  4 /  0  1  0  1  
  4  4 ->out
[1]  0  1  0  1 /  0  0  0  0  
  Inf  Inf ->out
terms: [5, 1, 4]  3
 5.8,  29/ 5

[1]  0  1  0  0 /  0  0  0  1  
  Inf  0 <-x  5
[1]  0  5  0  1 /  0  1  0  0  
  5  Inf <-x  1
[1]  0  6  0  5 /  0  1  0  1  
  6  5 <-x  4
[1]  0  29  0  6 /  0  5  0  1  
  5  6 <-x  1
[1]  0  35  0  29 /  0  6  0  5  
  5  5 ->out

2 / (3 - sqrt(2)) [1, 3, 1, 4, 1, 4, 1, 4, 1, 4, 1, 4, 1, 4, 1, 4, 1, 4, 1, 4, 1, 4, 1, 4, 1, 4, 1, 4, 1, 4, 1, 4, 1, 4, 1, 4, 1, 4, 1, 4, 1, 4, 1, 4, 1, 4, 1, 4, 1, 4, 1, 4, 1, 4, 1, 4, 1, 4, 1, 4, 1, 4, 1, 4, 1, 4, 1, 4, 1, 4, 1, 4, 1, 4, 1, 4, 1, 4, 1, 4, 1, 4, 1, 4, 1, 4, 1, 4, 1, 4, 1, 4, 1, 4, 1, 4, 1, 4]  98
 1.26120387496374144251476820691705659387704910725055659233619421085449499384
tanh(1/2) [0, 2, 6, 10, 14, 18, 22, 26, 30, 34, 38, 42, 46, 50, 54, 58, 62, 66, 70, 74, 78, 82, 86, 90, 94, 98, 102, 106, 110, 114, 118, 122, 126, 130, 134, 138, 142, 146]  38
 0.4621171572600097585023184836436725487302892803301130385527318158380809061404092787749490641519624905843489329862815491328822
4 / e [1, 2, 8, 3, 1, 1, 1, 1, 7, 1, 1, 2, 1, 1, 1, 2, 7, 1, 2, 2, 1, 1, 1, 3, 7, 1, 3, 2, 1, 1, 1, 4, 7, 1, 4, 2, 1, 1, 1, 5, 7, 1, 5, 2, 1, 1, 1, 6, 7, 1, 6, 2, 1, 1, 1, 7, 7, 1, 7, 2, 1, 1, 1, 8, 7, 1, 8, 2, 1, 1, 1, 9, 7, 1, 9, 2, 1, 1, 1, 10, 7, 1, 10, 2, 1, 1, 1, 11, 7, 1, 11, 2, 1, 1, 1, 12, 7, 1, 12, 2]  100
 1.4715177646857692863820950806458434697832445241270713380313472067898459829795992134285

x [1, 3, 5, 7, 9, 11, 13, 15, 17, 19, 21, 23, 25, 27, 29, 31, 33, 35, 37, 39, 41, 43, 45, 47, 49, 51, 53, 55, 57, 59, 61, 63, 65, 67, 69, 71, 73, 75, 77, 79, 81, 83, 85, 87, 89, 91, 93, 95, 97, 99, 101, 103, 105, 107, 109, 111, 113, 115, 117, 119, 121, 123, 125, 127, 129, 131, 133, 135, 137, 139, 141, 143, 145, 147, 149, 151, 153, 155, 157, 159, 161, 163, 165, 167, 169, 171, 173, 175, 177, 179, 181, 183, 185, 187, 189, 191, 193, 195, 197, 199]  100
 1.31303528549933130363616124693084783291201394124045265554315296756708427046187438267467924148085630294679470507384482041977039618612671089896960175354961874327866039526774154301931642149012222071169026987217362794495510788635344264314594215127054915455302849022912492878501496724636129939185725560266407256980263388317166110796962326028749323531083074352389608925392978
y [2, 2, 4, 2, 4, 2, 4, 2, 4, 2, 4, 2, 4, 2, 4, 2, 4, 2, 4, 2, 4, 2, 4, 2, 4, 2, 4, 2, 4, 2, 4, 2, 4, 2, 4, 2, 4, 2, 4, 2, 4, 2, 4, 2, 4, 2, 4, 2, 4, 2, 4, 2, 4, 2, 4, 2, 4, 2, 4, 2, 4, 2, 4, 2, 4, 2, 4, 2, 4, 2, 4, 2, 4, 2, 4, 2, 4, 2, 4, 2, 4, 2, 4, 2, 4, 2, 4, 2, 4, 2, 4, 2, 4, 2, 4, 2, 4, 2, 4, 2]  100
 2.44948974278317809819728407470589139196594748065667012843269256725096037745731502653985943310464023
(2xy + x) / (xy + y) [1, 2, 1, 2, 1, 1, 1, 2, 39, 1, 7, 4, 1, 65, 6, 2, 2, 4, 5, 2, 1, 1, 1, 2, 7, 3, 1, 1, 3, 3, 3, 2, 47, 2, 1, 1, 1, 1, 1, 9, 2, 42, 2, 4, 1, 92, 1, 2, 1, 4, 1, 41, 1, 1, 2, 1, 16, 3, 3, 117, 1, 1, 1, 1, 1044, 1, 2, 5, 2, 1, 1, 18, 1, 1, 1, 2, 43, 1, 14, 2, 1, 6, 4, 1, 13, 3, 10, 1, 29, 1, 1, 10, 2, 1, 1, 1, 5, 3, 1, 14]  100
 1.367084627478939114857573119732715230218997794400494113370695957795670696614672593063188956069124339810389

Rl [8, 3, 5, 2, 2, 4, 1, 2, 3, 1, 8]  11
 8.313980000000001,  415699/ 50000
Ru [8, 3, 5, 1, 1, 1, 1, 1, 1, 3, 4, 3, 4]  13
 8.31466,  415733/ 50000

sqrt(17/10) [1, 3, 3, 2, 3, 3, 2, 3, 3, 2, 3, 3, 2, 3, 3, 2, 3, 3, 2, 3, 3, 2, 3, 3, 2, 3, 3, 2, 3, 3, 2, 3, 3, 2, 3, 3, 2, 3, 3, 2, 3, 3, 2, 3, 3, 2, 3, 3, 2, 3, 3, 2, 3, 3, 2, 3, 3, 2, 3, 3, 2, 3, 3, 2, 3, 3, 2, 3, 3, 2, 3, 3, 2, 3, 3, 2, 3, 3, 2, 3, 3, 2, 3, 3, 2, 3, 3, 2, 3, 3, 2, 3, 3, 2, 3, 3, 2, 3, 3, 2]  100
 1.303840481040529742916594311485836883305618755782013091790079369896765385576397896545183528886
coth(1) [1, 3, 5, 7, 9, 11, 13, 15, 17, 19, 21, 23, 25, 27, 29, 31, 33, 35, 37, 39, 41, 43, 45, 47, 49, 51, 53, 55, 57, 59, 61, 63, 65, 67, 69, 71, 73, 75, 77, 79, 81, 83, 85, 87, 89, 91, 93, 95, 97, 99, 101, 103, 105, 107, 109, 111, 113, 115, 117, 119, 121, 123, 125, 127, 129, 131, 133, 135, 137, 139, 141, 143, 145, 147, 149, 151, 153, 155, 157, 159, 161, 163, 165, 167, 169, 171, 173, 175, 177, 179, 181, 183, 185, 187, 189, 191, 193, 195, 197, 199]  100
 1.31303528549933130363616124693084783291201394124045265554315296756708427046187438267467924148085630294679470507384482041977039618612671089896960175354961874327866039526774154301931642149012222071169026987217362794495510788635344264314594215127054915455302849022912492878501496724636129939185725560266407256980263388317166110796962326028749323531083074352389608925392978
coth(1/2) [2, 6, 10, 14, 18, 22, 26, 30, 34, 38, 42, 46, 50, 54, 58, 62, 66, 70, 74, 78, 82, 86, 90, 94, 98, 102, 106, 110, 114, 118, 122, 126, 130, 134, 138, 142, 146, 150, 154, 158, 162, 166, 170, 174, 178, 182, 186, 190, 194, 198, 202, 206, 210, 214, 218, 222, 226, 230, 234, 238, 242, 246, 250, 254, 258, 262, 266, 270, 274, 278, 282, 286, 290, 294, 298, 302, 306, 310, 314, 318, 322, 326, 330, 334, 338, 342, 346, 350, 354]  89
 2.1639534137386528487700040102180231170937386021507922725335741192960876347833394865744094188097501153092404771614080917066585269103838239019820588954833589232281880863687061468412602750494741713860790911357479934803284321608139861395880815333197626273232092471360599163052419214133813110456403110052322155639276693319919897012165337209725530949143010343782891510183300063
sqrt(6) [2, 2, 4, 2, 4, 2, 4, 2, 4, 2, 4, 2, 4, 2, 4, 2, 4, 2, 4, 2, 4, 2, 4, 2, 4, 2, 4, 2, 4, 2, 4, 2, 4, 2, 4, 2, 4, 2, 4, 2, 4, 2, 4, 2, 4, 2, 4, 2, 4, 2, 4, 2, 4, 2, 4, 2, 4, 2, 4, 2, 4, 2, 4, 2, 4, 2, 4, 2, 4, 2, 4, 2, 4, 2, 4, 2, 4, 2, 4, 2, 4, 2, 4, 2, 4, 2, 4, 2, 4, 2, 4, 2, 4, 2, 4, 2, 4, 2, 4, 2]  100
 2.44948974278317809819728407470589139196594748065667012843269256725096037745731502653985943310464023

arctan(1) [0, 1, 3, 1, 1, 1, 15, 2, 72, 1, 9, 1, 17, 1, 2, 1, 5, 1, 1, 10, 1, 2, 2, 20, 1, 5, 1, 1, 1, 3, 3, 56, 3, 1, 2, 1, 3, 2, 3, 24, 1, 2, 9, 1, 1, 1, 2, 1, 2, 7, 1, 1, 1, 8, 2, 1, 1, 2, 13, 1, 1, 13, 13, 7, 7, 2, 6, 1, 28, 5, 1, 10, 11, 1, 16, 4, 4, 40, 3, 1, 10, 1, 2, 1, 5, 5, 1, 2, 3, 11, 6, 5, 2, 3, 3, 43, 1, 4, 1, 2]  100
 0.7853981633974483096156608458198757210492923498437764552437361480769541015715522496570087063355292669955370
pi [3, 7, 15, 1, 292, 1, 1, 1, 2, 1, 3, 1, 14, 2, 1, 1, 2, 2, 2, 2, 1, 84, 2, 1, 1, 15, 3, 13, 1, 4, 2, 6, 6, 99, 1, 2, 2, 6, 3, 5, 1, 1, 6, 8, 1, 7, 1, 2, 3, 7, 1, 2, 1, 1, 12, 1, 1, 1, 3, 1, 1, 8, 1, 1, 2, 1, 6, 1, 1, 5, 2, 2, 3, 1, 2, 4, 4, 16, 1, 161, 45, 1, 22, 1, 2, 2, 1, 4, 1, 2, 24, 1, 2, 1, 3, 1, 2, 1, 1, 10]  100
 3.1415926535897932384626433832795028841971693993751058209749445923078164062862089986280348253421170679

bl [0, 3, 4, 1, 7]  5
 0.312,  39/ 125
bu [0, 3, 5]  3
 0.3125,  5/ 16
s [0, 3, 4, 1, 8]  5
 0.3120567375886525,  44/ 141
bl [0, 2, 1, 666]  4
 0.3335,  667/ 2000
bu [0, 2, 1, 94, 1, 1, 3]  7
 0.3345,  669/ 2000
s [0, 2, 1, 95]  4
 0.3344947735191638,  96/ 287

log2(10) [3, 3, 9, 2, 2, 4, 6, 2, 1, 1, 3, 1, 18, 1, 6, 1, 2, 1, 1, 4, 1, 42, 6, 1, 4, 2, 3, 1, 2, 6, 1, 3, 4, 1, 8, 1, 4, 1, 2, 2, 7, 1, 4, 1, 1, 3, 3, 1, 3, 1, 1, 7, 6, 1, 5, 10, 2, 2, 1, 8, 1, 2, 16, 24, 1, 6, 1, 8, 1, 1, 5, 1, 1, 1, 1, 1, 2, 1, 1, 3, 7, 1, 1, 10, 3, 2, 1, 3, 1, 3, 1, 2, 1, 3, 11, 1, 1, 1, 6]  99
 3.321928094887362347870319429489390175864831393024580612054756395815934776608625215850139
Cfx 101, t 50, q  2.020
Cfx 101, t 72, q  1.403
appr
 3	1/ 0
  2/ 1
 3	3/ 1
  7/ 2
 9	10/ 3
  53/ 16,  63/ 19,  73/ 22,  83/ 25
 2	93/ 28
  103/ 31
 2	196/ 59
  289/ 87	485/ 146
 3.321917808219178

HAKMEMcf

(sqrt(2) - 1)(sqrt(2) + 1) [1]  1
 1
psi(1+x)~0 [0, 2, 6, 63, 135, 1, 1, 1, 1, 4, 1, 38, 9, 2, 5]  15
 0.4616321449683623412

I-Bessel_1(2/3)/_0(2/3) [0, 3, 6, 9, 12, 15, 18, 21, 24, 27, 30, 33, 36, 39, 42, 45, 48, 51, 54, 57, 60, 63, 66, 69, 72, 75, 78, 81, 84, 87, 90, 93, 96, 99, 102, 105, 108, 111, 114, 117, 120, 123, 126, 129, 132, 135, 138, 141, 144, 147, 150, 153, 156, 159, 162, 165, 168, 171, 174, 177, 180, 183, 186, 189, 192, 195, 198, 201, 204, 207, 210, 213, 216, 219, 222, 225, 228, 231, 234, 237, 240, 243, 246, 249, 252, 255, 258, 261, 264, 267, 270, 273, 276, 279, 282, 285, 288, 291, 294, 297]  100
 0.3160892412682211840956016917105181147668629270070418207395400734732411618042735591898660721643900663381273823646776685917407073468104843580748068094462479766284578217638340644126964849137809827323599390045659082600179062460121673611230001179485234849453505668698097477834463141253850452582623665256538182054172950148863329956105224006369172338569407977850364004815932669993184726066654856979846017414
I-Bessel_0(2)/_1(2) [1, 2, 3, 4, 5, 6, 7, 8, 9, 10, 11, 12, 13, 14, 15, 16, 17, 18, 19, 20, 21, 22, 23, 24, 25, 26, 27, 28, 29, 30, 31, 32, 33, 34, 35, 36, 37, 38, 39, 40, 41, 42, 43, 44, 45, 46, 47, 48, 49, 50, 51, 52, 53, 54, 55, 56, 57, 58, 59, 60, 61, 62, 63, 64, 65, 66, 67, 68, 69, 70, 71, 72, 73, 74, 75, 76, 77, 78, 79, 80, 81, 82, 83, 84, 85, 86, 87, 88, 89, 90, 91, 92, 93, 94, 95, 96, 97, 98, 99, 100]  100
 1.43312742672231175831718345577599182043151276790598052343442863639430918325417290013650372643578611465950013404308853642953017708273894637360407321952533635247368315637151340965862626563444808561719787157112359951846391378734301539311471632680604352334843823144284135525811181512965587583182663853827905028496415

~pi [3, 7, 15, 1, 292, 2]  6
 3.141592653467437,  208341/ 66317
inches/meter [39, 2, 1, 2, 2, 1, 4]  7
 39.37007874015748,  5000/ 127

2e [5, 2, 3, 2, 3, 1, 2, 1, 3, 4, 3, 1, 4, 1, 3, 6, 3, 1, 6, 1, 3, 8, 3, 1, 8, 1, 3, 10, 3, 1, 10, 1, 3, 12, 3, 1, 12, 1, 3, 14, 3, 1, 14, 1, 3, 16, 3, 1, 16, 1, 3, 18, 3, 1, 18, 1, 3, 20, 3, 1, 20, 1, 3, 22, 3, 1, 22, 1, 3, 24, 3, 1, 24, 1, 3, 26, 3, 1, 26, 1, 3, 28, 3, 1, 28, 1, 3, 30, 3, 1, 30, 1, 3, 32, 3, 1, 32, 1, 3, 34]  100
 5.43656365691809047072057494270532499551449418739991914993393525544815326070709518914276435705033285485493278386400611
exp(2/3) [1, 1, 18, 7, 1, 1, 10, 54, 16, 1, 1, 19, 90, 25, 1, 1, 28, 126, 34, 1, 1, 37, 162, 43, 1, 1, 46, 198, 52, 1, 1, 55, 234, 61, 1, 1, 64, 270, 70, 1, 1, 73, 306, 79, 1, 1, 82, 342, 88, 1, 1, 91, 378, 97, 1, 1, 100, 414, 106, 1, 1, 109, 450, 115, 1, 1, 118, 486, 124, 1, 1, 127, 522, 133, 1, 1, 136, 558, 142, 1, 1, 145, 594, 151, 1, 1, 154, 630, 160, 1, 1, 163, 666, 169, 1, 1, 172, 702, 179]  99
 1.94773404105467585663902120792834531435960408718297218705469756522268474481810255562609699046708681006893029596385162886846824169300492581168294059965824450995115948331359205666825191701638986273581830927356252255932591234922298858046646702772481487
(4*exp(2/3) - 2) / (exp(2/3) - 1) [6, 9, 15, 21, 27, 33, 39, 45, 51, 57, 63, 69, 75, 81, 87, 93, 99, 105, 111, 117, 123, 129, 135, 141, 147, 153, 159, 165, 171, 177, 183, 189, 195, 201, 207, 213, 219, 225, 231, 237, 243, 249, 255, 261, 267, 273, 279, 285, 291, 297, 303, 309, 315, 321, 327, 333, 339, 345, 351, 357, 363, 369, 375, 381, 387, 393, 399, 405, 411, 417, 423, 429, 435, 441, 447, 453, 459, 465, 471, 477, 483, 489, 495, 501, 507, 513, 519, 525, 531, 537, 543, 549, 555, 561, 567, 573, 579, 585, 591, 597]  100
 6.1102966796194437013783752314176247945665435817870110860573431528940914936461349409032005997946203848164011745712671114522392374858092760648662295572635779656255107603385898076865912450921292459900917308540226706457130627445645301752927958497592791657896911303049861111459073699454959637183891221840073091331396311953794456220368508649869204403038191712830955417094879286903417286151280851988513625978624535062408954201413094080653006395313304416976948872870038

e [2, 1, 2, 1, 1, 4, 1, 1, 6, 1, 1, 8, 1, 1, 10, 1, 1, 12, 1, 1, 14, 1, 1, 16, 1, 1, 18, 1, 1, 20, 1, 1, 22, 1, 1, 24, 1, 1, 26, 1, 1, 28, 1, 1, 30, 1, 1, 32, 1, 1, 34, 1, 1, 36, 1, 1, 38, 1, 1, 40, 1, 1, 42, 1, 1, 44, 1, 1, 46, 1, 1, 48, 1, 1, 50, 1, 1, 52, 1, 1, 54, 1, 1, 56, 1, 1, 58, 1, 1, 60, 1, 1, 62, 1, 1, 64, 1, 1, 67]  99
 2.7182818284590452353602874713526624977572470936999595749669676277240766303535475945713821785251664274274663919320
pi [3, 7, 15, 1, 292, 1, 1, 1, 2, 1, 3, 1, 14, 2, 1, 1, 2, 2, 2, 2, 1, 84, 2, 1, 1, 15, 3, 13, 1, 4, 2, 6, 6, 99, 1, 2, 2, 6, 3, 5, 1, 1, 6, 8, 1, 7, 1, 2, 3, 7, 1, 2, 1, 1, 12, 1, 1, 1, 3, 1, 1, 8, 1, 1, 2, 1, 6, 1, 1, 5, 2, 2, 3, 1, 2, 4, 4, 16, 1, 161, 45, 1, 22, 1, 2, 2, 1, 4, 1, 2, 24, 1, 2, 1, 3, 1, 2, 1, 1, 10]  100
 3.1415926535897932384626433832795028841971693993751058209749445923078164062862089986280348253421170679
sqrt(2) [1, 2, 2, 2, 2, 2, 2, 2, 2, 2, 2, 2, 2, 2, 2, 2, 2, 2, 2, 2, 2, 2, 2, 2, 2, 2, 2, 2, 2, 2, 2, 2, 2, 2, 2, 2, 2, 2, 2, 2, 2, 2, 2, 2, 2, 2, 2, 2, 2, 2, 2, 2, 2, 2, 2, 2, 2, 2, 2, 2, 2, 2, 2, 2, 2, 2, 2, 2, 2, 2, 2, 2, 2, 2, 2, 2, 2, 2, 2, 2, 2, 2, 2, 2, 2, 2, 2, 2, 2, 2, 2, 2, 2, 2, 2, 2, 2, 2, 2, 2]  100
 1.4142135623730950488016887242096980785696718753769480731766797379907324784621
sin(0.5) [0, 2, 11, 1, 1, 1, 6, 2, 2, 1, 1, 1, 1, 83, 18, 1, 1, 1, 1, 12, 1, 6, 1, 2, 3, 8, 1, 5, 2, 82, 1, 8, 178, 2, 3, 7, 5, 3, 6, 1, 3, 1, 5, 23, 1, 3, 8, 2, 1, 29, 1, 10, 8, 1, 7, 1, 2, 1, 2, 98, 4, 1, 1, 2, 2, 1, 9, 1, 10, 3, 23, 3, 4, 12, 2, 1, 4, 4, 1, 8, 1, 2, 1, 2, 3, 1, 26, 1, 3, 1, 1, 31, 2, 1, 9, 11, 2, 1, 2, 2]  100
 0.4794255386042030002732879352155713880818033679406006751886166131255350002878148322096312746843482690861320910
sqrt(7)*atan(sqrt(7)) [3, 5, 264, 1, 1, 9, 1, 21, 76, 1, 1, 3, 1, 1, 2, 2, 1, 1, 6, 23, 1, 1, 2, 2, 2, 5, 1, 4, 2, 2, 2, 1, 8, 2, 1, 3, 3, 7, 1, 2, 1, 1, 1, 1, 1, 1, 10, 1, 1, 2, 7, 20, 1, 10, 1, 1, 5, 2, 1, 1, 3, 1, 1, 1, 1, 7, 4, 8, 1, 1, 1, 2, 9, 1, 8, 2, 1, 1, 4, 1, 1, 6, 53, 1, 12, 1, 1, 14, 2, 1, 42, 7, 15, 4, 2, 2, 3, 1, 2, 4]  100
 3.19984889918122828649365467070148584394727830179597019853645783874477275210641212955874602215643815

~pi
 3	1/ 0
  2/ 1
 7	3/ 1
  13/ 4,  16/ 5,  19/ 6
 15	22/ 7
  179/ 57,  201/ 64,  223/ 71,  245/ 78,  267/ 85,  289/ 92,  311/ 99
 1	333/ 106
	355/ 113
 3.141592920353983

a [3, 7, 5]  3
 3.138888888888889,  113/ 36
b [3, 7, 16]  3
 3.141592920353983,  355/ 113
a < b, diff.term: 3

oo []  0
 Inf
+ [2, 3, 4, 5]  4
 2.308823529411765,  157/ 68
  [-3, 1, 2, 4, 5]  5
-2.308823529411765, -157/ 68

Gosper's constant

sqrt(3/pi^2 + e) / (tanh(sqrt(5)) - sin(69)) [1, 1, 1, 2, 4, 2, 2, 1, 4, 1, 6, 2, 9, 13, 1, 1, 8, 3, 7, 1, 10, 6, 11, 2, 2, 2, 3, 3, 6, 12, 2, 1, 12, 1, 2, 2, 5, 1, 2, 1, 1, 24, 6, 1, 1, 2, 11, 1, 8, 50, 1, 1, 2, 3, 1, 2, 1, 130, 1, 29, 3, 1, 9, 1, 1, 1, 1, 16, 1, 2, 1, 1, 4, 1, 3, 1, 1, 7, 1, 1, 5, 1, 1168, 1, 6, 1, 10, 1, 3, 1, 8, 1, 12, 21, 1, 1, 7, 2]  98
 1.59170969743121753554228490469538245872942416011857900517658745519764406981405924947068643945987935186
Cfx 101, t 71, q  1.423
Cfx 101, t 26, q  3.885
Cfx 101, t 44, q  2.295
Cfx 101, t 48, q  2.104
Cfx 101, t 128, q  0.789
Cfx 101, t 98, q  1.031

[7, 5, 1, 0,-1,-5,-1, 9] equivalent to [6, 9]  2
 6.111111111111111,  55/ 9

tail 1,3,5,7: [2, 2, 2, 2, 1, 3, 5, 7]  8
 2.412651864264768,  5759/ 2387
coth(1/69) [69, 207, 345, 483, 621, 759, 897, 1035, 1173, 1311, 1449, 1587, 1725, 1863, 2001, 2139, 2277, 2415, 2553, 2691, 2829, 2967, 3105, 3243, 3381, 3519, 3657, 3795, 3933, 4071, 4209, 4347, 4485, 4623, 4761, 4899, 5037, 5175, 5313, 5451, 5589, 5727, 5865, 6003, 6141, 6279, 6417, 6555, 6693, 6831, 6969, 7107, 7245, 7383, 7521, 7659, 7797, 7935, 8073, 8211, 8349, 8487, 8625, 8763, 8901, 9039, 9177, 9315, 9453, 9591, 9729, 9867, 10005, 10143, 10281, 10419, 10557, 10695, 10833, 10971, 11109, 11247, 11385, 11523, 11661, 11799, 11937, 12075, 12213, 12351, 12489, 12627, 12765, 12903, 13041, 13179, 13317, 13455, 13593, 13731]  100
 69.004830850230046352903668506968254969332031893220916395716696308395901751913013005825049562199719855873159295512607215344652327764405968586044774506804976466398772778042948879438773995199572406525441109039740539769528558859452381146121300852558336881969794848839372101738938728782360207497736270348578710626195364011555595051475508240648476250322391896383088365644541438069599521375973885593717335461947799498226526902003139415764076555602434878332016613623652001158317114892189521568543134004150788758792056250893395010552728644843342343200667060715466044813404845562081423817741569898670130239912412958709448714877765665024600992399099838288208993848656241894502648939876140834190989800174308001004150471435066165821009574027
sqrt(105) [10, 4, 20, 4, 20, 4, 20, 4, 20, 4, 20, 4, 20, 4, 20, 4, 20, 4, 20, 4, 20, 4, 20, 4, 20, 4, 20, 4, 20, 4, 20, 4, 20, 4, 20, 4, 20, 4, 20, 4, 20, 4, 20, 4, 20, 4, 20, 4, 20, 4, 20, 4, 20, 4, 20, 4, 20, 4, 20, 4, 20, 4, 20, 4, 20, 4, 20, 4, 20, 4, 20, 4, 20, 4, 20, 4, 20, 4, 20, 4, 20, 4, 20, 4, 20, 4, 20, 4, 20, 4, 20, 4, 20, 4, 20, 4, 20, 4, 20, 4]  100
 10.246950765959598383221038680521051990735032663454832929541978499890347985705354072927231628378546736954459003263052692309463659772881801635029297395465292130176789682343516155906520427769

timer: 0.0435735s
